Determining if the function IceConnectionNumber exists in the ICE failed with the following output:
Change Dir: /Users/kanezakikei/Documents/miraclue/sim/mc/cmake-build-debug/CMakeFiles/CMakeTmp

Run Build Command(s):/usr/bin/make cmTC_61a18/fast && /Applications/Xcode.app/Contents/Developer/usr/bin/make  -f CMakeFiles/cmTC_61a18.dir/build.make CMakeFiles/cmTC_61a18.dir/build
Building C object CMakeFiles/cmTC_61a18.dir/CheckFunctionExists.c.o
/Applications/Xcode.app/Contents/Developer/Toolchains/XcodeDefault.xctoolchain/usr/bin/cc   -m64 -pipe -fsigned-char -fno-common -Qunused-arguments -pthread -DCHECK_FUNCTION_EXISTS=IceConnectionNumber -isysroot /Applications/Xcode.app/Contents/Developer/Platforms/MacOSX.platform/Developer/SDKs/MacOSX10.15.sdk -o CMakeFiles/cmTC_61a18.dir/CheckFunctionExists.c.o -c /Applications/CLion.app/Contents/bin/cmake/mac/share/cmake-3.19/Modules/CheckFunctionExists.c
Linking C executable cmTC_61a18
/Applications/CLion.app/Contents/bin/cmake/mac/bin/cmake -E cmake_link_script CMakeFiles/cmTC_61a18.dir/link.txt --verbose=1
/Applications/Xcode.app/Contents/Developer/Toolchains/XcodeDefault.xctoolchain/usr/bin/cc   -m64 -pipe -fsigned-char -fno-common -Qunused-arguments -pthread -DCHECK_FUNCTION_EXISTS=IceConnectionNumber -isysroot /Applications/Xcode.app/Contents/Developer/Platforms/MacOSX.platform/Developer/SDKs/MacOSX10.15.sdk -Wl,-search_paths_first -Wl,-headerpad_max_install_names CMakeFiles/cmTC_61a18.dir/CheckFunctionExists.c.o -o cmTC_61a18   -L/usr/local/lib  -Wl,-rpath,/usr/local/lib -lICE 
ld: library not found for -lICE
clang: error: linker command failed with exit code 1 (use -v to see invocation)
make[1]: *** [cmTC_61a18] Error 1
make: *** [cmTC_61a18/fast] Error 2



Determining if the Q_WS_X11 exist failed with the following output:
Change Dir: /Users/kanezakikei/Documents/miraclue/sim/mc/cmake-build-debug/CMakeFiles/CMakeTmp

Run Build Command(s):/usr/bin/make cmTC_7b0c0/fast && /Applications/Xcode.app/Contents/Developer/usr/bin/make  -f CMakeFiles/cmTC_7b0c0.dir/build.make CMakeFiles/cmTC_7b0c0.dir/build
Building CXX object CMakeFiles/cmTC_7b0c0.dir/CheckSymbolExists.cxx.o
/Applications/Xcode.app/Contents/Developer/Toolchains/XcodeDefault.xctoolchain/usr/bin/c++  -I/usr/local/include -F/usr/local/lib -std=c++11 -m64 -pipe -fsigned-char -fno-common -Qunused-arguments -pthread -stdlib=libc++  -isysroot /Applications/Xcode.app/Contents/Developer/Platforms/MacOSX.platform/Developer/SDKs/MacOSX10.15.sdk -o CMakeFiles/cmTC_7b0c0.dir/CheckSymbolExists.cxx.o -c /Users/kanezakikei/Documents/miraclue/sim/mc/cmake-build-debug/CMakeFiles/CMakeTmp/CheckSymbolExists.cxx
/Users/kanezakikei/Documents/miraclue/sim/mc/cmake-build-debug/CMakeFiles/CMakeTmp/CheckSymbolExists.cxx:8:19: error: use of undeclared identifier 'Q_WS_X11'
  return ((int*)(&Q_WS_X11))[argc];
                  ^
1 error generated.
make[1]: *** [CMakeFiles/cmTC_7b0c0.dir/CheckSymbolExists.cxx.o] Error 1
make: *** [cmTC_7b0c0/fast] Error 2


File /Users/kanezakikei/Documents/miraclue/sim/mc/cmake-build-debug/CMakeFiles/CMakeTmp/CheckSymbolExists.cxx:
/* */
#include <QtCore/qglobal.h>

int main(int argc, char** argv)
{
  (void)argv;
#ifndef Q_WS_X11
  return ((int*)(&Q_WS_X11))[argc];
#else
  (void)argc;
  return 0;
#endif
}
Determining if the Q_WS_WIN exist failed with the following output:
Change Dir: /Users/kanezakikei/Documents/miraclue/sim/mc/cmake-build-debug/CMakeFiles/CMakeTmp

Run Build Command(s):/usr/bin/make cmTC_59ae0/fast && /Applications/Xcode.app/Contents/Developer/usr/bin/make  -f CMakeFiles/cmTC_59ae0.dir/build.make CMakeFiles/cmTC_59ae0.dir/build
Building CXX object CMakeFiles/cmTC_59ae0.dir/CheckSymbolExists.cxx.o
/Applications/Xcode.app/Contents/Developer/Toolchains/XcodeDefault.xctoolchain/usr/bin/c++  -I/usr/local/include -F/usr/local/lib -std=c++11 -m64 -pipe -fsigned-char -fno-common -Qunused-arguments -pthread -stdlib=libc++  -isysroot /Applications/Xcode.app/Contents/Developer/Platforms/MacOSX.platform/Developer/SDKs/MacOSX10.15.sdk -o CMakeFiles/cmTC_59ae0.dir/CheckSymbolExists.cxx.o -c /Users/kanezakikei/Documents/miraclue/sim/mc/cmake-build-debug/CMakeFiles/CMakeTmp/CheckSymbolExists.cxx
/Users/kanezakikei/Documents/miraclue/sim/mc/cmake-build-debug/CMakeFiles/CMakeTmp/CheckSymbolExists.cxx:8:19: error: use of undeclared identifier 'Q_WS_WIN'
  return ((int*)(&Q_WS_WIN))[argc];
                  ^
1 error generated.
make[1]: *** [CMakeFiles/cmTC_59ae0.dir/CheckSymbolExists.cxx.o] Error 1
make: *** [cmTC_59ae0/fast] Error 2


File /Users/kanezakikei/Documents/miraclue/sim/mc/cmake-build-debug/CMakeFiles/CMakeTmp/CheckSymbolExists.cxx:
/* */
#include <QtCore/qglobal.h>

int main(int argc, char** argv)
{
  (void)argv;
#ifndef Q_WS_WIN
  return ((int*)(&Q_WS_WIN))[argc];
#else
  (void)argc;
  return 0;
#endif
}
Determining if the Q_WS_QWS exist failed with the following output:
Change Dir: /Users/kanezakikei/Documents/miraclue/sim/mc/cmake-build-debug/CMakeFiles/CMakeTmp

Run Build Command(s):/usr/bin/make cmTC_9cf5f/fast && /Applications/Xcode.app/Contents/Developer/usr/bin/make  -f CMakeFiles/cmTC_9cf5f.dir/build.make CMakeFiles/cmTC_9cf5f.dir/build
Building CXX object CMakeFiles/cmTC_9cf5f.dir/CheckSymbolExists.cxx.o
/Applications/Xcode.app/Contents/Developer/Toolchains/XcodeDefault.xctoolchain/usr/bin/c++  -I/usr/local/include -F/usr/local/lib -std=c++11 -m64 -pipe -fsigned-char -fno-common -Qunused-arguments -pthread -stdlib=libc++  -isysroot /Applications/Xcode.app/Contents/Developer/Platforms/MacOSX.platform/Developer/SDKs/MacOSX10.15.sdk -o CMakeFiles/cmTC_9cf5f.dir/CheckSymbolExists.cxx.o -c /Users/kanezakikei/Documents/miraclue/sim/mc/cmake-build-debug/CMakeFiles/CMakeTmp/CheckSymbolExists.cxx
/Users/kanezakikei/Documents/miraclue/sim/mc/cmake-build-debug/CMakeFiles/CMakeTmp/CheckSymbolExists.cxx:8:19: error: use of undeclared identifier 'Q_WS_QWS'
  return ((int*)(&Q_WS_QWS))[argc];
                  ^
1 error generated.
make[1]: *** [CMakeFiles/cmTC_9cf5f.dir/CheckSymbolExists.cxx.o] Error 1
make: *** [cmTC_9cf5f/fast] Error 2


File /Users/kanezakikei/Documents/miraclue/sim/mc/cmake-build-debug/CMakeFiles/CMakeTmp/CheckSymbolExists.cxx:
/* */
#include <QtCore/qglobal.h>

int main(int argc, char** argv)
{
  (void)argv;
#ifndef Q_WS_QWS
  return ((int*)(&Q_WS_QWS))[argc];
#else
  (void)argc;
  return 0;
#endif
}
